[debug] [2026-04-01T04:45:45.799Z] : 
[debug] [2026-04-01T04:45:45.800Z] : ----------------------------------------------------------------------
[debug] [2026-04-01T04:45:45.800Z] : Command:      C:\Program Files\nodejs\node.exe C:\Users\Sakthivel J\AppData\Roaming\npm\node_modules\zcatalyst-cli\lib\bin\catalyst.js deploy
[debug] [2026-04-01T04:45:45.800Z] : CLI Version:  1.25.0
[debug] [2026-04-01T04:45:45.800Z] : Platform:     win32
[debug] [2026-04-01T04:45:45.800Z] : Node Version: v24.14.1
[debug] [2026-04-01T04:45:45.800Z] : Time:         Wed Apr 01 2026 10:15:45 GMT+0530 (India Standard Time)
[debug] [2026-04-01T04:45:45.801Z] : ----------------------------------------------------------------------
[debug] [2026-04-01T04:45:45.801Z] : 
[debug] [2026-04-01T04:45:46.288Z] : > authorizing via signed-in user option
[debug] [2026-04-01T04:45:46.288Z] : > command requires scopes: ["ZohoCatalyst.projects.ALL","ZohoCatalyst.functions.ALL","ZohoCatalyst.webapp.ALL","ZohoCatalyst.appsail.Update"]
[debug] [2026-04-01T04:45:46.301Z] : >>>> HTTP REQUEST : GET https://api.catalyst.zoho.com/baas/v1/project/48604000000063001 

[debug] [2026-04-01T04:45:47.149Z] : <<<< HTTP RESPONSE : 200
Response Headers: {"server":"ZGS","date":"Wed, 01 Apr 2026 04:45:48 GMT","content-type":"application/vnd.catalyst.v2+json","transfer-encoding":"chunked","connection":"keep-alive","x-content-type-options":"nosniff","cache-control":"private,no-cache,no-store,max-age=0,must-revalidate","pragma":"no-cache","expires":"Thu, 01 Jan 1970 00:00:00 GMT","x-frame-options":"DENY","strict-transport-security":"max-age=64072000; includeSubDomains; preload"}

[debug] [2026-04-01T04:45:47.168Z] : >>>> HTTP REQUEST : GET https://api.catalyst.zoho.com/baas/v1/project/48604000000063001/environment 

[debug] [2026-04-01T04:45:47.452Z] : <<<< HTTP RESPONSE : 200
Response Headers: {"server":"ZGS","date":"Wed, 01 Apr 2026 04:45:48 GMT","content-type":"application/vnd.catalyst.v2+json","transfer-encoding":"chunked","connection":"keep-alive","x-content-type-options":"nosniff","cache-control":"private,no-cache,no-store,max-age=0,must-revalidate","pragma":"no-cache","expires":"Thu, 01 Jan 1970 00:00:00 GMT","x-frame-options":"DENY","strict-transport-security":"max-age=64072000; includeSubDomains; preload"}

[debug] [2026-04-01T04:45:47.459Z] : >>>> HTTP REQUEST : GET https://api.catalyst.zoho.com/baas/get-details 
Query params: {"feature_name":"runtime"}

[debug] [2026-04-01T04:45:47.744Z] : <<<< HTTP RESPONSE : 200
Response Headers: {"server":"ZGS","date":"Wed, 01 Apr 2026 04:45:49 GMT","content-type":"application/vnd.catalyst.v2+json","transfer-encoding":"chunked","connection":"keep-alive","x-content-type-options":"nosniff","cache-control":"private,no-cache,no-store,max-age=0,must-revalidate","pragma":"no-cache","expires":"Thu, 01 Jan 1970 00:00:00 GMT","x-frame-options":"DENY","strict-transport-security":"max-age=64072000; includeSubDomains; preload"}

[debug] [2026-04-01T04:45:47.747Z] : >>>> HTTP REQUEST : GET https://api.catalyst.zoho.com/baas/v1/project/48604000000063001/function 
Query params: {"type":"basicio,event,cron,applogic,integration,browser_logic,job"}

[debug] [2026-04-01T04:45:48.052Z] : <<<< HTTP RESPONSE : 200
Response Headers: {"server":"ZGS","date":"Wed, 01 Apr 2026 04:45:49 GMT","content-type":"application/vnd.catalyst.v2+json","transfer-encoding":"chunked","connection":"keep-alive","x-content-type-options":"nosniff","cache-control":"private,no-cache,no-store,max-age=0,must-revalidate","pragma":"no-cache","expires":"Thu, 01 Jan 1970 00:00:00 GMT","x-frame-options":"DENY","strict-transport-security":"max-age=64072000; includeSubDomains; preload"}

[debug] [2026-04-01T04:45:48.055Z] : unknown eol undefined hence skipping check
[debug] [2026-04-01T04:45:48.055Z] : unknown eol undefined hence skipping check
[info] [2026-04-01T04:45:48.437Z] : i Compiling C:\Users\Sakthivel J\Desktop\Projects\Lazada_Catalyst\functions\Lazada-Webhook\Main.java
[info] [2026-04-01T04:45:49.211Z] : i Compiling C:\Users\Sakthivel J\Desktop\Projects\Lazada_Catalyst\functions\signalToIOLazada\Main.java
[debug] [2026-04-01T04:45:50.504Z] : >>>> HTTP REQUEST : PUT https://api.catalyst.zoho.com/baas/v1/project/48604000000063001/server/upsert 

